<?xml version="1.0" encoding="UTF-8"?>
<!-- Generated by org.testng.reporters.JUnitXMLReporter -->
<testsuite ignored="0" hostname="YADHU" failures="1" tests="3" name="Default test" time="14.121" errors="0" timestamp="2025-06-22T16:55:58 CEST">
  <testcase classname="io.cucumber.testng.AbstractTestNGCucumberTests" name="runScenario" time="10.109"/>
  <testcase classname="io.cucumber.testng.AbstractTestNGCucumberTests" name="runScenario" time="10.732">
    <failure type="java.lang.AssertionError" message="May have a bug expected [No data] but found [Beetroot]">
      <![CDATA[java.lang.AssertionError: May have a bug expected [No data] but found [Beetroot]
at org.testng.Assert.fail(Assert.java:111)
at org.testng.Assert.failNotEquals(Assert.java:1590)
at org.testng.Assert.assertEqualsImpl(Assert.java:150)
at org.testng.Assert.assertEquals(Assert.java:132)
at org.testng.Assert.assertEquals(Assert.java:656)
at stepDefFiles.OfferPageStepDef.check_if_product_exist(OfferPageStepDef.java:31)
at ✽.Check if product exist(file:///C:/Users/yadhu/eclipse-workspace/Cucumber_RSA/src/test/resources/FeatureFiles/searchProduct.feature:10)
]]>
    </failure>
  </testcase> <!-- runScenario -->
  <testcase classname="io.cucumber.testng.AbstractTestNGCucumberTests" name="runScenario" time="12.747"/>
</testsuite> <!-- Default test -->
